<?xml version="1.0" encoding="UTF-8"?>
<testsuite name="TestExtensionFunctions" tests="2" skipped="0" failures="0" errors="0" timestamp="2024-07-23T06:53:24" hostname="MacBook-Air.local" time="0.004">
  <properties/>
  <testcase name="testPairExtension" classname="TestExtensionFunctions" time="0.003"/>
  <testcase name="testIntExtension" classname="TestExtensionFunctions" time="0.001"/>
  <system-out><![CDATA[]]></system-out>
  <system-err><![CDATA[]]></system-err>
</testsuite>
