<?xml version="1.0" encoding="UTF-8"?>
<testsuite name="TestDataClasses" tests="2" skipped="0" failures="0" errors="0" timestamp="2024-07-22T05:27:23" hostname="MacBook-Air.local" time="0.011">
  <properties/>
  <testcase name="testComparePeople" classname="TestDataClasses" time="0.002"/>
  <testcase name="testListOfPeople" classname="TestDataClasses" time="0.008"/>
  <system-out><![CDATA[]]></system-out>
  <system-err><![CDATA[]]></system-err>
</testsuite>
