<?xml version="1.0" encoding="UTF-8"?>
<testsuite name="TestInvoke" tests="2" skipped="0" failures="0" errors="0" timestamp="2024-07-30T14:06:12" hostname="MacBook-Air.local" time="0.005">
  <properties/>
  <testcase name="testInvokeTwice" classname="TestInvoke" time="0.004"/>
  <testcase name="testNumberOfInvocations" classname="TestInvoke" time="0.001"/>
  <system-out><![CDATA[]]></system-out>
  <system-err><![CDATA[]]></system-err>
</testsuite>
